0 info it worked if it ends with ok
1 verbose cli [ '/Users/derek/.nvm/v0.10.24/bin/node',
1 verbose cli   '/Users/derek/.nvm/v0.10.24/bin/npm',
1 verbose cli   'start' ]
2 info using npm@1.3.21
3 info using node@v0.10.24
4 error Failed to parse json
4 error Unexpected token r
5 error File: /Users/derek/Projects/Personal/Personal-Site/package.json
6 error Failed to parse package.json data.
6 error package.json must be actual JSON, not just JavaScript.
6 error
6 error This is not a bug in npm.
6 error Tell the package author to fix their package.json file. JSON.parse
7 error System Darwin 14.0.0
8 error command "/Users/derek/.nvm/v0.10.24/bin/node" "/Users/derek/.nvm/v0.10.24/bin/npm" "start"
9 error cwd /Users/derek/Projects/Personal/Personal-Site
10 error node -v v0.10.24
11 error npm -v 1.3.21
12 error file /Users/derek/Projects/Personal/Personal-Site/package.json
13 error code EJSONPARSE
14 verbose exit [ 1, true ]
